/* ---------------------------------
* FIN - AUGUST 2022
* 2022-08-31
* ------------------------------- */
!0822>

SPENDING CREDIT
-148 amazon
-20 crf
-18 crf
-123 amazon
-45 crf
-14 crf
-18 crf
-14 crf
-40 ifood
-32 meal
-45 mercadol
-110 mercadol
-42 meal
-20 crf
-22 crf
-20 uber
-24 crf
-14 crf
-61 crf
-14 meal
-75 ifood
-14 crf
-62 mercadol
-85 mercadol
-29 crf
-2 meal
-15 amazonprime
-23 crf
= $ #spc

SPENDING DEBIT
-153 tim
-1,652 cond
-733 senai
-20 uber
-18 uber
-20 uber
-22 uber
-33 ifood
-40 ifood
-31 ifood
-4 steam
-11 steam
-35 ifood
-150 gift
-31 ifood
-15 uber
-4 steam
-30 ifood
-84 enel
-66 das
$ [spc] credit
-1,430 repairs
-32 ifood
-30 food
-30 food
-33 food
= $ #sde

INCOME PASSIVE
+717 nubank
+1,646 xp
= $ #ipa

INCOME ACTIVE
+2,880 work
+2,535 work 
= $ #iac

INCOME TOTAL
$ [ipa]
$ [iac]
= $ #ito

BALANCE DELTA
$ [ito]
$ [sde]
= $ #bdt

BALANCE TOTAL
+2,598 itau
+93,740 nubank
+88,613 xp
= $ #bto

!0822<
!0922>

SPENDING CREDIT
-148 amazon
-20 crf
-18 crf
-123 amazon
-45 crf
-14 crf
-18 crf
-14 crf
-40 ifood
-32 meal
-45 mercadol
-110 mercadol
-42 meal
-20 crf
-22 crf
-20 uber
-24 crf
-14 crf
-61 crf
-14 meal
-75 ifood
-14 crf
-62 mercadol
-85 mercadol
-29 crf
-2 meal
-15 amazonprime
-23 crf
= $ #spc

SPENDING DEBIT
-153 tim
-1,652 cond
-733 senai
-20 uber
-18 uber
-20 uber
-22 uber
-33 ifood
-40 ifood
-31 ifood
-4 steam
-11 steam
-35 ifood
-150 gift
-31 ifood
-15 uber
-4 steam
-30 ifood
-84 enel
-66 das
$ [spc] credit
-1,430 repairs
-32 ifood
-30 food
-30 food
-33 food
= $ #sde

INCOME PASSIVE
+717 nubank
+1,646 xp
= $ #ipa

INCOME ACTIVE
+2,880 work
+2,535 work 
= $ #iac

INCOME TOTAL
$ [ipa]
$ [iac]
= $ #ito

BALANCE DELTA
$ [ito]
$ [sde]
= $ #bdt

BALANCE TOTAL
+2,598 itau
+93,740 nubank
+88,613 xp
= $ #bto

!0922<
